<?xml version="1.0" encoding="UTF-8"?>
<!-- Generated by org.testng.reporters.JUnitXMLReporter -->
<testsuite hostname="asus" ignored="0" name="TitleTest" tests="1" failures="1" timestamp="20 Nov 2020 08:15:52 GMT" time="7.0" errors="0">
  <testcase name="basePageNavigation" time="0.204" classname="TestCases.ValidateTitle">
    <failure type="java.lang.AssertionError" message="expected [FEATURED COURSESw] but found [FEATURED COURSES]">
      <![CDATA[java.lang.AssertionError: expected [FEATURED COURSESw] but found [FEATURED COURSES]
at TestCases.ValidateTitle.basePageNavigation(ValidateTitle.java:29)
at java.util.concurrent.FutureTask.run(FutureTask.java:266)
at java.util.concurrent.ThreadPoolExecutor.runWorker(ThreadPoolExecutor.java:1149)
at java.util.concurrent.ThreadPoolExecutor$Worker.run(ThreadPoolExecutor.java:624)
at java.lang.Thread.run(Thread.java:748)
... Removed 22 stack frames]]>
    </failure>
  </testcase> <!-- basePageNavigation -->
</testsuite> <!-- TitleTest -->
